[debug] [2022-02-27T06:56:30.422Z] ----------------------------------------------------------------------
[debug] [2022-02-27T06:56:30.425Z] Command:       C:\Program Files\nodejs\node.exe C:\Users\Jaskaran\AppData\Roaming\npm\pnpm-global\5\node_modules\firebase-tools\lib\bin\firebase.js init
[debug] [2022-02-27T06:56:30.426Z] CLI Version:   10.2.1
[debug] [2022-02-27T06:56:30.426Z] Platform:      win32
[debug] [2022-02-27T06:56:30.426Z] Node Version:  v14.17.0
[debug] [2022-02-27T06:56:30.428Z] Time:          Sun Feb 27 2022 12:26:30 GMT+0530 (India Standard Time)
[debug] [2022-02-27T06:56:30.428Z] ----------------------------------------------------------------------
[debug] 
[debug] [2022-02-27T06:56:30.437Z] > command requires scopes: ["email","openid","https://www.googleapis.com/auth/cloudplatformprojects.readonly","https://www.googleapis.com/auth/firebase","https://www.googleapis.com/auth/cloud-platform"]
[debug] [2022-02-27T06:56:30.437Z] > authorizing via signed-in user (jaskaransingh98033@gmail.com)
[info] 
     ######## #### ########  ######## ########     ###     ######  ########
     ##        ##  ##     ## ##       ##     ##  ##   ##  ##       ##
     ######    ##  ########  ######   ########  #########  ######  ######
     ##        ##  ##    ##  ##       ##     ## ##     ##       ## ##
     ##       #### ##     ## ######## ########  ##     ##  ######  ########

You're about to initialize a Firebase project in this directory:

  F:\Unit05\cult-fit\cult-fit

[info] 
=== Project Setup
[info] 
[info] First, let's associate this project directory with a Firebase project.
[info] You can create multiple project aliases by running firebase use --add, 
[info] but for now we'll just set up a default project.
[info] 
[debug] [2022-02-27T06:56:43.962Z] > refreshing access token with scopes: []
[debug] [2022-02-27T06:56:43.963Z] >>> HTTP REQUEST POST https://www.googleapis.com/oauth2/v3/token  
 <request body omitted>
[debug] [2022-02-27T06:56:44.194Z] <<< HTTP RESPONSE 400 {"expires":"Mon, 01 Jan 1990 00:00:00 GMT","date":"Sun, 27 Feb 2022 06:56:44 GMT","pragma":"no-cache","cache-control":"no-cache, no-store, max-age=0, must-revalidate","content-type":"application/json; charset=utf-8","vary":"X-Origin, Referer, Origin,Accept-Encoding","server":"scaffolding on HTTPServer2","x-xss-protection":"0","x-frame-options":"SAMEORIGIN","x-content-type-options":"nosniff","alt-svc":"h3=\":443\"; ma=2592000,h3-29=\":443\"; ma=2592000,h3-Q050=\":443\"; ma=2592000,h3-Q046=\":443\"; ma=2592000,h3-Q043=\":443\"; ma=2592000,quic=\":443\"; ma=2592000; v=\"46,43\"","accept-ranges":"none","transfer-encoding":"chunked"}
[debug] [2022-02-27T06:56:44.197Z] >>> [apiv2][query] GET https://firebase.googleapis.com/v1beta1/projects pageSize=100
[debug] [2022-02-27T06:56:44.488Z] <<< [apiv2][status] GET https://firebase.googleapis.com/v1beta1/projects 401
[debug] [2022-02-27T06:56:44.488Z] <<< [apiv2][body] GET https://firebase.googleapis.com/v1beta1/projects [omitted]
[debug] [2022-02-27T06:56:44.489Z] HTTP Error: 401, Request had invalid authentication credentials. Expected OAuth 2 access token, login cookie or other valid authentication credential. See https://developers.google.com/identity/sign-in/web/devconsole-project.
[debug] [2022-02-27T06:56:44.697Z] FirebaseError: HTTP Error: 401, Request had invalid authentication credentials. Expected OAuth 2 access token, login cookie or other valid authentication credential. See https://developers.google.com/identity/sign-in/web/devconsole-project.
    at module.exports (C:\Users\Jaskaran\AppData\Roaming\npm\pnpm-global\5\node_modules\.pnpm\firebase-tools@10.2.1\node_modules\firebase-tools\lib\responseToError.js:47:12)
    at RetryOperation._fn (C:\Users\Jaskaran\AppData\Roaming\npm\pnpm-global\5\node_modules\.pnpm\firebase-tools@10.2.1\node_modules\firebase-tools\lib\apiv2.js:286:39)
    at processTicksAndRejections (internal/process/task_queues.js:95:5)
[error] 
[error] Error: Failed to list Firebase projects. See firebase-debug.log for more info.
